{"code":"ERR_HTTP_HEADERS_SENT","label":"rent","level":"error","timestamp":"2025-04-08T14:29:32.359Z"}
{"code":"ERR_HTTP_HEADERS_SENT","label":"rent","level":"error","timestamp":"2025-04-08T14:31:00.712Z"}
{"code":"ERR_HTTP_HEADERS_SENT","label":"rent","level":"error","timestamp":"2025-04-08T14:31:35.741Z"}
{"label":"rent","level":"error","status":403,"timestamp":"2025-04-08T14:43:53.144Z"}
{"label":"rent","level":"error","status":403,"timestamp":"2025-04-09T03:50:40.720Z"}
{"label":"rent","level":"error","timestamp":"2025-04-09T03:53:14.770Z"}
{"body":"  \"email\": \"fisrts@gmail.com\",\r\n  \"password\": \"zero01\"","expose":true,"label":"rent","level":"error","status":400,"statusCode":400,"timestamp":"2025-04-09T03:54:42.296Z","type":"entity.parse.failed"}
{"body":"{ \r\n  \"email\": \"helloshadow779@gmail.com\",\r\n  \"password\": \"qqwwee\"\"\r\n}","expose":true,"label":"rent","level":"error","status":400,"statusCode":400,"timestamp":"2025-04-09T04:04:19.352Z","type":"entity.parse.failed"}
{"label":"rent","level":"error","status":403,"timestamp":"2025-04-09T04:25:51.043Z"}
{"label":"rent","level":"error","status":403,"timestamp":"2025-04-09T04:29:11.013Z"}
{"label":"rent","level":"error","status":403,"timestamp":"2025-04-09T04:34:08.655Z"}
{"label":"rent","level":"error","status":403,"timestamp":"2025-04-09T04:34:18.615Z"}
{"label":"rent","level":"error","status":403,"timestamp":"2025-04-09T04:34:28.743Z"}
{"label":"rent","level":"error","status":403,"timestamp":"2025-04-09T04:35:49.273Z"}
{"label":"rent","level":"error","status":403,"timestamp":"2025-04-09T04:37:13.805Z"}
{"label":"rent","level":"error","status":403,"timestamp":"2025-04-09T04:37:21.432Z"}
{"label":"rent","level":"error","status":403,"timestamp":"2025-04-09T04:38:16.158Z"}
{"label":"rent","level":"error","status":403,"timestamp":"2025-04-09T04:38:47.796Z"}
{"label":"rent","level":"error","status":403,"timestamp":"2025-04-09T04:41:32.738Z"}
{"label":"rent","level":"error","status":403,"timestamp":"2025-04-09T04:52:45.023Z"}
{"label":"rent","level":"error","status":403,"timestamp":"2025-04-09T05:14:30.931Z"}
{"label":"rent","level":"error","status":403,"timestamp":"2025-04-09T05:35:22.839Z"}
{"label":"rent","level":"error","status":403,"timestamp":"2025-04-09T05:37:49.666Z"}
{"label":"rent","level":"error","status":403,"timestamp":"2025-04-09T05:38:12.546Z"}
{"label":"rent","level":"error","status":404,"timestamp":"2025-04-09T05:38:28.902Z"}
{"label":"rent","level":"error","status":404,"timestamp":"2025-04-09T05:38:32.432Z"}
{"label":"rent","level":"error","status":404,"timestamp":"2025-04-09T05:38:34.799Z"}
{"label":"rent","level":"error","status":404,"timestamp":"2025-04-09T05:38:37.710Z"}
{"label":"rent","level":"error","status":403,"timestamp":"2025-04-09T05:38:39.917Z"}
{"label":"rent","level":"error","status":403,"timestamp":"2025-04-09T05:38:45.412Z"}
{"label":"rent","level":"error","status":403,"timestamp":"2025-04-09T05:40:13.783Z"}
{"label":"rent","level":"error","status":403,"timestamp":"2025-04-09T05:40:51.709Z"}
{"label":"rent","level":"error","status":403,"timestamp":"2025-04-09T05:47:51.347Z"}
{"label":"rent","level":"error","status":403,"timestamp":"2025-04-09T05:48:10.134Z"}
{"label":"rent","level":"error","status":403,"timestamp":"2025-04-09T09:42:30.838Z"}
{"code":"ERR_HTTP_HEADERS_SENT","label":"rent","level":"error","timestamp":"2025-04-09T09:52:55.972Z"}
{"label":"rent","level":"error","status":403,"timestamp":"2025-04-09T10:58:04.646Z"}
{"label":"rent","level":"error","status":403,"timestamp":"2025-04-09T10:58:09.967Z"}
{"label":"rent","level":"error","status":403,"timestamp":"2025-04-09T11:05:11.717Z"}
{"label":"rent","level":"error","status":403,"timestamp":"2025-04-09T11:05:40.269Z"}
